<?xml version="1.0" encoding="UTF-8"?>
<testsuite xmlns:xsi="http://www.w3.org/2001/XMLSchema-instance" xsi:noNamespaceSchemaLocation="https://maven.apache.org/surefire/maven-surefire-plugin/xsd/surefire-test-report-3.0.xsd" version="3.0" name="org.khangpbm.mathutil.core.test.MathUtilityAdvancedTest" time="0.191" tests="4" errors="0" skipped="0" failures="0">
  <properties>
    <property name="java.specification.version" value="20"/>
    <property name="sun.cpu.isalist" value="amd64"/>
    <property name="sun.jnu.encoding" value="Cp1252"/>
    <property name="java.class.path" value="E:\Programming Study\Chuyen nganh 5\SWT301\Workspace\math-util-mvn\target\test-classes;E:\Programming Study\Chuyen nganh 5\SWT301\Workspace\math-util-mvn\target\classes;C:\Users\PHAMKHANG\.m2\repository\com\microsoft\sqlserver\mssql-jdbc\12.3.0.jre17-preview\mssql-jdbc-12.3.0.jre17-preview.jar;C:\Users\PHAMKHANG\.m2\repository\org\junit\jupiter\junit-jupiter\5.8.2\junit-jupiter-5.8.2.jar;C:\Users\PHAMKHANG\.m2\repository\org\junit\jupiter\junit-jupiter-api\5.8.2\junit-jupiter-api-5.8.2.jar;C:\Users\PHAMKHANG\.m2\repository\org\opentest4j\opentest4j\1.2.0\opentest4j-1.2.0.jar;C:\Users\PHAMKHANG\.m2\repository\org\junit\platform\junit-platform-commons\1.8.2\junit-platform-commons-1.8.2.jar;C:\Users\PHAMKHANG\.m2\repository\org\apiguardian\apiguardian-api\1.1.2\apiguardian-api-1.1.2.jar;C:\Users\PHAMKHANG\.m2\repository\org\junit\jupiter\junit-jupiter-params\5.8.2\junit-jupiter-params-5.8.2.jar;C:\Users\PHAMKHANG\.m2\repository\org\junit\jupiter\junit-jupiter-engine\5.8.2\junit-jupiter-engine-5.8.2.jar;C:\Users\PHAMKHANG\.m2\repository\org\junit\platform\junit-platform-engine\1.8.2\junit-platform-engine-1.8.2.jar;"/>
    <property name="java.vm.vendor" value="Oracle Corporation"/>
    <property name="sun.arch.data.model" value="64"/>
    <property name="user.variant" value=""/>
    <property name="java.vendor.url" value="https://java.oracle.com/"/>
    <property name="user.timezone" value="Asia/Bangkok"/>
    <property name="os.name" value="Windows 10"/>
    <property name="java.vm.specification.version" value="20"/>
    <property name="user.country" value="US"/>
    <property name="sun.java.launcher" value="SUN_STANDARD"/>
    <property name="sun.boot.library.path" value="C:\Program Files\Java\jdk-20\bin"/>
    <property name="sun.java.command" value="C:\Users\PHAMKHANG\AppData\Local\Temp\surefire13938646584525054583\surefirebooter-20230628105309487_3.jar C:\Users\PHAMKHANG\AppData\Local\Temp\surefire13938646584525054583 2023-06-28T10-53-09_221-jvmRun1 surefire-20230628105309487_1tmp surefire_0-20230628105309487_2tmp"/>
    <property name="jdk.debug" value="release"/>
    <property name="test" value="org.khangpbm.mathutil.core.test.MathUtilityAdvancedTest"/>
    <property name="surefire.test.class.path" value="E:\Programming Study\Chuyen nganh 5\SWT301\Workspace\math-util-mvn\target\test-classes;E:\Programming Study\Chuyen nganh 5\SWT301\Workspace\math-util-mvn\target\classes;C:\Users\PHAMKHANG\.m2\repository\com\microsoft\sqlserver\mssql-jdbc\12.3.0.jre17-preview\mssql-jdbc-12.3.0.jre17-preview.jar;C:\Users\PHAMKHANG\.m2\repository\org\junit\jupiter\junit-jupiter\5.8.2\junit-jupiter-5.8.2.jar;C:\Users\PHAMKHANG\.m2\repository\org\junit\jupiter\junit-jupiter-api\5.8.2\junit-jupiter-api-5.8.2.jar;C:\Users\PHAMKHANG\.m2\repository\org\opentest4j\opentest4j\1.2.0\opentest4j-1.2.0.jar;C:\Users\PHAMKHANG\.m2\repository\org\junit\platform\junit-platform-commons\1.8.2\junit-platform-commons-1.8.2.jar;C:\Users\PHAMKHANG\.m2\repository\org\apiguardian\apiguardian-api\1.1.2\apiguardian-api-1.1.2.jar;C:\Users\PHAMKHANG\.m2\repository\org\junit\jupiter\junit-jupiter-params\5.8.2\junit-jupiter-params-5.8.2.jar;C:\Users\PHAMKHANG\.m2\repository\org\junit\jupiter\junit-jupiter-engine\5.8.2\junit-jupiter-engine-5.8.2.jar;C:\Users\PHAMKHANG\.m2\repository\org\junit\platform\junit-platform-engine\1.8.2\junit-platform-engine-1.8.2.jar;"/>
    <property name="sun.cpu.endian" value="little"/>
    <property name="user.home" value="C:\Users\PHAMKHANG"/>
    <property name="user.language" value="en"/>
    <property name="java.specification.vendor" value="Oracle Corporation"/>
    <property name="java.version.date" value="2023-04-18"/>
    <property name="java.home" value="C:\Program Files\Java\jdk-20"/>
    <property name="file.separator" value="\"/>
    <property name="basedir" value="E:\Programming Study\Chuyen nganh 5\SWT301\Workspace\math-util-mvn"/>
    <property name="java.vm.compressedOopsMode" value="32-bit"/>
    <property name="line.separator" value="&#10;"/>
    <property name="java.vm.specification.vendor" value="Oracle Corporation"/>
    <property name="java.specification.name" value="Java Platform API Specification"/>
    <property name="surefire.real.class.path" value="C:\Users\PHAMKHANG\AppData\Local\Temp\surefire13938646584525054583\surefirebooter-20230628105309487_3.jar"/>
    <property name="user.script" value=""/>
    <property name="sun.management.compiler" value="HotSpot 64-Bit Tiered Compilers"/>
    <property name="java.runtime.version" value="20.0.1+9-29"/>
    <property name="user.name" value="PHAMKHANG"/>
    <property name="stdout.encoding" value="Cp1252"/>
    <property name="path.separator" value=";"/>
    <property name="os.version" value="10.0"/>
    <property name="java.runtime.name" value="Java(TM) SE Runtime Environment"/>
    <property name="file.encoding" value="UTF-8"/>
    <property name="java.vm.name" value="Java HotSpot(TM) 64-Bit Server VM"/>
    <property name="maven.ext.class.path" value="C:\Program Files\NetBeans-17\netbeans\java\maven-nblib\netbeans-eventspy.jar"/>
    <property name="localRepository" value="C:\Users\PHAMKHANG\.m2\repository"/>
    <property name="java.vendor.url.bug" value="https://bugreport.java.com/bugreport/"/>
    <property name="java.io.tmpdir" value="C:\Users\PHAMKHANG\AppData\Local\Temp\"/>
    <property name="java.version" value="20.0.1"/>
    <property name="user.dir" value="E:\Programming Study\Chuyen nganh 5\SWT301\Workspace\math-util-mvn"/>
    <property name="os.arch" value="amd64"/>
    <property name="java.vm.specification.name" value="Java Virtual Machine Specification"/>
    <property name="sun.os.patch.level" value=""/>
    <property name="native.encoding" value="Cp1252"/>
    <property name="java.library.path" value="C:\Program Files\Java\jdk-20\bin;C:\Windows\Sun\Java\bin;C:\Windows\system32;C:\Windows;C:\Windows\system32;C:\Windows;C:\Windows\System32\Wbem;C:\Windows\System32\WindowsPowerShell\v1.0\;C:\Windows\System32\OpenSSH\;C:\Program Files (x86)\Microsoft SQL Server\150\DTS\Binn\;C:\Program Files\Microsoft SQL Server\Client SDK\ODBC\170\Tools\Binn\;C:\Program Files\dotnet\;C:\Program Files\Git\cmd;C:\Program Files (x86)\Microsoft SQL Server\150\Tools\Binn\;C:\Program Files\Microsoft SQL Server\150\Tools\Binn\;C:\Program Files\Microsoft SQL Server\150\DTS\Binn\;C:\Program Files\Java\jdk-20\BIN;C:\Program Files\NetBeans 8.2\extide\ant\bin;C:\Program Files\NetBeans 8.2\java\maven\bin;C:\Users\PHAMKHANG\AppData\Local\Microsoft\WindowsApps;;C:\Users\PHAMKHANG\AppData\Local\Programs\Microsoft VS Code\bin;C:\Program Files\Azure Data Studio\bin;C:\Users\PHAMKHANG\.dotnet\tools;C:\Program Files\JetBrains\IntelliJ IDEA 2023.1.2\bin;;."/>
    <property name="java.vm.info" value="mixed mode, sharing"/>
    <property name="stderr.encoding" value="Cp1252"/>
    <property name="java.vendor" value="Oracle Corporation"/>
    <property name="java.vm.version" value="20.0.1+9-29"/>
    <property name="sun.io.unicode.encoding" value="UnicodeLittle"/>
    <property name="java.class.version" value="64.0"/>
  </properties>
  <testcase name="testFactorialGivenRightArgument1ReturnsWell(int, long)[1]" classname="org.khangpbm.mathutil.core.test.MathUtilityAdvancedTest" time="0.084"/>
  <testcase name="testFactorialGivenRightArgument1ReturnsWell(int, long)[2]" classname="org.khangpbm.mathutil.core.test.MathUtilityAdvancedTest" time="0.002"/>
  <testcase name="testFactorialGivenRightArgument1ReturnsWell(int, long)[3]" classname="org.khangpbm.mathutil.core.test.MathUtilityAdvancedTest" time="0.001"/>
  <testcase name="testFactorialGivenRightArgument1ReturnsWell(int, long)[4]" classname="org.khangpbm.mathutil.core.test.MathUtilityAdvancedTest" time="0.002"/>
</testsuite>